PRT2
18
15
23
4 0 4 (176 -48 64) (224 -48 64) (224 -48 112) (176 -48 112) 
4 0 3 (224 -48 112) (224 -48 192) (176 -48 192) (176 -48 112) 
4 0 2 (176 -48 144) (176 -48 192) (176 -16 192) (176 -16 144) 
4 0 1 (176 16 64) (176 -16 64) (176 -16 192) (176 16 192) 
4 1 7 (144 16 64) (144 -16 64) (144 -16 192) (144 16 192) 
4 1 2 (144 -16 192) (144 -16 144) (176 -16 144) (176 -16 192) 
4 2 7 (144 -48 144) (144 -48 192) (144 -16 192) (144 -16 144) 
4 2 3 (144 -48 192) (144 -48 144) (176 -48 144) (176 -48 192) 
4 3 7 (144 -176 112) (144 -176 192) (144 -48 192) (144 -48 112) 
4 3 6 (144 -176 112) (144 -144 112) (176 -144 112) (176 -176 112) 
4 3 5 (176 -112 112) (224 -112 112) (224 -176 112) (176 -176 112) 
4 3 4 (144 -112 112) (144 -48 112) (224 -48 112) (224 -112 112) 
4 4 7 (144 -48 64) (144 -112 64) (144 -112 112) (144 -48 112) 
4 4 5 (224 -112 64) (224 -112 112) (176 -112 112) (176 -112 64) 
4 5 6 (176 -144 64) (176 -176 64) (176 -176 112) (176 -144 112) 
4 6 7 (144 -144 64) (144 -176 64) (144 -176 112) (144 -144 112) 
4 7 8 (96 -0 80) (96 -160 80) (96 -160 176) (96 -0 176) 
4 8 10 (80 -0 80) (80 -160 80) (80 -160 176) (80 -0 176) 
4 9 10 (64 16 176) (80 16 176) (80 -176 176) (64 -176 176) 
4 10 12 (64 16 80) (80 16 80) (80 -176 80) (64 -176 80) 
4 10 11 (64 -0 80) (64 -160 80) (64 -160 176) (64 -0 176) 
4 11 13 (48 -0 80) (48 -160 80) (48 -160 176) (48 -0 176) 
4 13 14 (-128 -244 64) (-128 -320 64) (-128 -320 192) (-128 -244 192) 
0 -1
1 -1
2 -1
3 -1
4 5 6 7 -1
8 -1
9 -1
10 -1
11 -1
12 -1
13 -1
14 -1
15 -1
16 -1
17 -1
