PRT1
35
61
4 0 31 (1472 1508 1264) (1488 1508 1264) (1488 1284 1264) (1472 1284 1264) 
4 0 6 (1408 1508 1264) (1408 1284 1264) (1408 1284 1280) (1408 1508 1280) 
4 0 1 (1408 1284 1280) (1408 1284 1264) (1632 1284 1264) (1632 1284 1280) 
4 1 31 (1472 1284 1264) (1488 1284 1264) (1488 1060 1264) (1472 1060 1264) 
4 1 7 (1408 1284 1264) (1408 1060 1264) (1408 1060 1280) (1408 1284 1280) 
4 1 2 (1408 1060 1280) (1408 1060 1264) (1632 1060 1264) (1632 1060 1280) 
4 2 31 (1472 1060 1264) (1488 1060 1264) (1488 836 1264) (1472 836 1264) 
4 2 8 (1408 1060 1264) (1408 836 1264) (1408 836 1280) (1408 1060 1280) 
4 2 3 (1408 836 1280) (1408 836 1264) (1632 836 1264) (1632 836 1280) 
4 3 31 (1472 836 1264) (1488 836 1264) (1488 612 1264) (1472 612 1264) 
4 3 9 (1408 836 1264) (1408 612 1264) (1408 612 1280) (1408 836 1280) 
4 3 4 (1408 612 1280) (1408 612 1264) (1632 612 1264) (1632 612 1280) 
4 4 31 (1472 612 1264) (1488 612 1264) (1488 388 1264) (1472 388 1264) 
4 4 10 (1408 612 1264) (1408 388 1264) (1408 388 1280) (1408 612 1280) 
4 4 5 (1408 388 1280) (1408 388 1264) (1632 388 1264) (1632 388 1280) 
4 5 34 (1408 196 1264) (1408 212 1264) (1488 212 1264) (1488 196 1264) 
4 5 31 (1472 388 1264) (1488 388 1264) (1488 212 1264) (1472 212 1264) 
4 5 11 (1408 388 1264) (1408 164 1264) (1408 164 1280) (1408 388 1280) 
4 6 12 (1184 1508 1264) (1184 1284 1264) (1184 1284 1280) (1184 1508 1280) 
4 6 7 (1184 1284 1280) (1184 1284 1264) (1408 1284 1264) (1408 1284 1280) 
4 7 13 (1184 1284 1264) (1184 1060 1264) (1184 1060 1280) (1184 1284 1280) 
4 7 8 (1184 1060 1280) (1184 1060 1264) (1408 1060 1264) (1408 1060 1280) 
4 8 14 (1184 1060 1264) (1184 836 1264) (1184 836 1280) (1184 1060 1280) 
4 8 9 (1184 836 1280) (1184 836 1264) (1408 836 1264) (1408 836 1280) 
4 9 15 (1184 836 1264) (1184 612 1264) (1184 612 1280) (1184 836 1280) 
4 9 10 (1184 612 1280) (1184 612 1264) (1408 612 1264) (1408 612 1280) 
4 10 16 (1184 612 1264) (1184 388 1264) (1184 388 1280) (1184 612 1280) 
4 10 11 (1184 388 1280) (1184 388 1264) (1408 388 1264) (1408 388 1280) 
4 11 34 (1184 196 1264) (1184 212 1264) (1408 212 1264) (1408 196 1264) 
4 11 17 (1184 388 1264) (1184 164 1264) (1184 164 1280) (1184 388 1280) 
4 12 18 (960 1508 1264) (960 1284 1264) (960 1284 1280) (960 1508 1280) 
4 12 13 (960 1284 1280) (960 1284 1264) (1184 1284 1264) (1184 1284 1280) 
4 13 19 (960 1284 1264) (960 1060 1264) (960 1060 1280) (960 1284 1280) 
4 13 14 (960 1060 1280) (960 1060 1264) (1184 1060 1264) (1184 1060 1280) 
4 14 20 (960 1060 1264) (960 836 1264) (960 836 1280) (960 1060 1280) 
4 14 15 (960 836 1280) (960 836 1264) (1184 836 1264) (1184 836 1280) 
4 15 21 (960 836 1264) (960 612 1264) (960 612 1280) (960 836 1280) 
4 15 16 (960 612 1280) (960 612 1264) (1184 612 1264) (1184 612 1280) 
4 16 22 (960 612 1264) (960 388 1264) (960 388 1280) (960 612 1280) 
4 16 17 (960 388 1280) (960 388 1264) (1184 388 1264) (1184 388 1280) 
4 17 34 (960 196 1264) (960 212 1264) (1184 212 1264) (1184 196 1264) 
4 17 23 (960 388 1264) (960 164 1264) (960 164 1280) (960 388 1280) 
4 18 24 (736 1508 1264) (736 1284 1264) (736 1284 1280) (736 1508 1280) 
4 18 19 (736 1284 1280) (736 1284 1264) (960 1284 1264) (960 1284 1280) 
4 19 25 (736 1284 1264) (736 1060 1264) (736 1060 1280) (736 1284 1280) 
4 19 20 (736 1060 1280) (736 1060 1264) (960 1060 1264) (960 1060 1280) 
4 20 26 (736 1060 1264) (736 836 1264) (736 836 1280) (736 1060 1280) 
4 20 21 (736 836 1280) (736 836 1264) (960 836 1264) (960 836 1280) 
4 21 27 (736 836 1264) (736 612 1264) (736 612 1280) (736 836 1280) 
4 21 22 (736 612 1280) (736 612 1264) (960 612 1264) (960 612 1280) 
4 22 28 (736 612 1264) (736 388 1264) (736 388 1280) (736 612 1280) 
4 22 23 (736 388 1280) (736 388 1264) (960 388 1264) (960 388 1280) 
4 23 34 (736 196 1264) (736 212 1264) (960 212 1264) (960 196 1264) 
4 23 29 (736 388 1264) (736 164 1264) (736 164 1280) (736 388 1280) 
4 24 25 (512 1284 1280) (512 1284 1264) (736 1284 1264) (736 1284 1280) 
4 25 26 (512 1060 1280) (512 1060 1264) (736 1060 1264) (736 1060 1280) 
4 26 27 (512 836 1280) (512 836 1264) (736 836 1264) (736 836 1280) 
4 27 28 (512 612 1280) (512 612 1264) (736 612 1264) (736 612 1280) 
4 28 29 (512 388 1280) (512 388 1264) (736 388 1264) (736 388 1280) 
4 29 34 (512 196 1264) (512 212 1264) (736 212 1264) (736 196 1264) 
4 31 34 (1488 212 944) (1488 212 1264) (1472 212 1264) (1472 212 944) 
