----  / VibeyMapTools 2.1.0-2.0.0-alpha10-25-g50be6d63-dirty ----
LoadBSPFile: 'C:\Users\djdac\source\repos\VibeyMapTools\q1_light_hlform.bsp'
BSP is version Quake BSP bsp29
INFO: using built-in palette.
img::ConvertTextures: WARNING: invalid size data for 
Loading extended texinfo flags from C:\Users\djdac\source\repos\VibeyMapTools\q1_light_hlform.texinfo.json...
Loading extended content flags from C:\Users\djdac\source\repos\VibeyMapTools\q1_light_hlform.content.json...
6 entities read, 2 are lights.
.lit colored light output requested on command line.

--- Options Summary ---
    "path" was set to ""C:/Users/djdac/source/repos/VibeyMapTools/tests/maps\q2_wal_metadata"" (from command line)
    "defaultpaths" was set to "0" (from command line)
    "bounce" was set to "0" (from map)

DecompressAllVis: invalid visofs for leaf 0
Embree_TraceInit: Embree version: 4.4.0
Embree_TraceInit: 
	0 sky faces
	48 solid faces
	0 filtered faces
	0 shadow-casting skip faces
SetupLights: 2 initial lights
SetupLights: 2 after surface lights
SetupLights: 2 after jittering
Final count: 2 lights, 0 suns in use.
0 surface light points in use.
Saving progress after direct lighting...
Lighting Completed.

Writing C:\Users\djdac\source\repos\VibeyMapTools\q1_light_hlform.lit
Lighting Completed.

Writing C:\Users\djdac\source\repos\VibeyMapTools\q1_light_hlform.lit
img::ConvertTextures: WARNING: Texture  duplicated
img::ConvertTextures: WARNING: Texture bolt14 duplicated
0 switchable light styles (32 max)
Writing C:\Users\djdac\source\repos\VibeyMapTools\q1_light_hlform.bsp as Quake BSP bsp29
0.091s seconds elapsed
0 empty lightmaps


