----  / VibeyMapTools 2.1.0-2.0.0-alpha10-25-g50be6d63-dirty ----
LoadBSPFile: 'C:\Users\djdac\source\repos\VibeyMapTools\q1_light_surflight_group.bsp'
BSP is version Quake BSP bsp29
INFO: using built-in palette.
img::ConvertTextures: WARNING: invalid size data for 
Loading extended texinfo flags from C:\Users\djdac\source\repos\VibeyMapTools\q1_light_surflight_group.texinfo.json...
Loading extended content flags from C:\Users\djdac\source\repos\VibeyMapTools\q1_light_surflight_group.content.json...
4 entities read, 2 are lights.

--- Options Summary ---
    "path" was set to ""C:/Users/djdac/source/repos/VibeyMapTools/tests/maps\q2_wal_metadata"" (from command line)
    "defaultpaths" was set to "0" (from command line)

DecompressAllVis: invalid visofs for leaf 0
Embree_TraceInit: Embree version: 4.4.0
Embree_TraceInit: 
	0 sky faces
	59 solid faces
	0 filtered faces
	0 shadow-casting skip faces
SetupLights: 2 initial lights
Creating surface lights for texture "bolt16" from template at (808 1176 952)
Creating surface lights for texture "bolt16" from template at (808 1368 952)
SetupLights: 4 after surface lights
SetupLights: 4 after jittering
Final count: 4 lights, 0 suns in use.
0 surface light points in use.
Saving progress after direct lighting...
Colored light entities/settings detected: .lit output enabled.
Lighting Completed.

Writing C:\Users\djdac\source\repos\VibeyMapTools\q1_light_surflight_group.lit
Lighting Completed.

Writing C:\Users\djdac\source\repos\VibeyMapTools\q1_light_surflight_group.lit
img::ConvertTextures: WARNING: Texture  duplicated
img::ConvertTextures: WARNING: Texture bolt14 duplicated
img::ConvertTextures: WARNING: Texture bolt16 duplicated
0 switchable light styles (32 max)
Writing C:\Users\djdac\source\repos\VibeyMapTools\q1_light_surflight_group.bsp as Quake BSP bsp29
0.089s seconds elapsed
0 empty lightmaps


