PRT2
13
6
12
4 0 5 (-416 32 288) (-416 32 48) (-320 32 48) (-320 32 288) 
4 0 3 (-320 32 48) (16 32 48) (16 32 128) (-320 32 128) 
4 0 2 (16 32 132) (16 32 288) (-320 32 288) (-320 32 132) 
4 0 1 (16 32 48) (128 32 48) (128 32 288) (16 32 288) 
4 1 4 (16 -32 48) (16 -208 48) (16 -208 288) (16 -32 288) 
4 1 3 (16 32 128) (16 32 48) (16 -32 48) (16 -32 128) 
4 1 2 (16 32 288) (16 32 132) (16 -32 132) (16 -32 288) 
4 2 5 (-320 32 288) (-320 32 132) (-320 -32 132) (-320 -32 288) 
4 2 4 (-320 -32 288) (-320 -32 132) (16 -32 132) (16 -32 288) 
4 3 5 (-320 32 128) (-320 32 48) (-320 -32 48) (-320 -32 128) 
4 3 4 (-320 -32 128) (-320 -32 48) (16 -32 48) (16 -32 128) 
4 4 5 (-320 -32 48) (-320 -208 48) (-320 -208 288) (-320 -32 288) 
0 1 2 3 4 5 6 7 -1
8 -1
9 -1
10 -1
11 -1
12 -1
