PRT2
14
6
12
4 0 5 (16 256 128) (128 256 128) (128 -208 128) (16 -208 128) 
4 0 3 (16 -32 128) (16 -208 128) (16 -208 288) (16 -32 288) 
4 0 2 (16 -32 132) (16 -32 288) (16 32 288) (16 32 132) 
4 0 1 (16 256 288) (16 256 128) (16 32 128) (16 32 288) 
4 1 5 (-320 256 128) (16 256 128) (16 32 128) (-320 32 128) 
4 1 4 (-320 256 288) (-320 256 128) (-320 32 128) (-320 32 288) 
4 1 2 (-320 32 288) (-320 32 132) (16 32 132) (16 32 288) 
4 2 4 (-320 -32 132) (-320 -32 288) (-320 32 288) (-320 32 132) 
4 2 3 (-320 -32 288) (-320 -32 132) (16 -32 132) (16 -32 288) 
4 3 5 (16 -32 128) (16 -208 128) (-320 -208 128) (-320 -32 128) 
4 3 4 (-320 -32 128) (-320 -208 128) (-320 -208 288) (-320 -32 288) 
4 4 5 (-416 -208 128) (-416 256 128) (-320 256 128) (-320 -208 128) 
0 -1
1 -1
2 -1
3 -1
4 -1
5 6 7 8 9 10 11 12 13 -1
