PRT2
11
8
13
4 0 4 (768 1216 944) (1056 1216 944) (1056 1216 1248) (768 1216 1248) 
4 0 3 (768 1280 944) (768 1216 944) (768 1216 1248) (768 1280 1248) 
4 0 2 (768 1280 1056) (768 1280 1248) (768 1296 1248) (768 1296 1056) 
4 0 1 (768 1488 1248) (768 1488 944) (768 1296 944) (768 1296 1248) 
4 1 2 (768 1296 1056) (768 1296 1248) (480 1296 1248) (480 1296 1056) 
4 2 3 (768 1280 1056) (768 1280 1248) (480 1280 1248) (480 1280 1056) 
4 3 7 (480 1216 944) (640 1216 944) (640 1216 1248) (480 1216 1248) 
4 3 5 (768 1216 960) (768 1216 1248) (640 1216 1248) (640 1216 960) 
4 4 6 (768 1152 944) (768 1088 944) (768 1088 1248) (768 1152 1248) 
4 4 5 (768 1216 1248) (768 1216 960) (768 1152 960) (768 1152 1248) 
4 5 7 (640 1216 1248) (640 1216 960) (640 1152 960) (640 1152 1248) 
4 5 6 (640 1152 1248) (640 1152 960) (768 1152 960) (768 1152 1248) 
4 6 7 (640 1152 944) (640 1088 944) (640 1088 1248) (640 1152 1248) 
0 -1
1 2 3 4 -1
5 -1
6 -1
7 -1
8 -1
9 -1
10 -1
