----  / VibeyMapTools 2.1.0-2.0.0-alpha10-25-g50be6d63-dirty ----
LoadBSPFile: 'C:\Users\djdac\source\repos\VibeyMapTools\q1_sunlight.bsp'
BSP is version Quake BSP bsp29
INFO: using built-in palette.
img::ConvertTextures: WARNING: invalid size data for 
Loading extended texinfo flags from C:\Users\djdac\source\repos\VibeyMapTools\q1_sunlight.texinfo.json...
Loading extended content flags from C:\Users\djdac\source\repos\VibeyMapTools\q1_sunlight.content.json...
2 entities read, 0 are lights.
.lit colored light output requested on command line.

--- Options Summary ---
    "path" was set to ""C:/Users/djdac/source/repos/VibeyMapTools/tests/maps\q2_wal_metadata"" (from command line)
    "defaultpaths" was set to "0" (from command line)
    "light" was set to "5.000000" (from map)
    "sunlight" was set to "100.000000" (from map)
    "sunlight_mangle" was set to "0.17364822 0 -0.9848077" (from map)

DecompressAllVis: invalid visofs for leaf 0
Embree_TraceInit: Embree version: 4.4.0
Embree_TraceInit: 
	1 sky faces
	5 solid faces
	0 filtered faces
	0 shadow-casting skip faces
SetupLights: 0 initial lights
SetupLights: 0 after surface lights
SetupLights: 0 after jittering
Final count: 0 lights, 1 suns in use.
0 surface light points in use.
Saving progress after direct lighting...
Lighting Completed.

Writing C:\Users\djdac\source\repos\VibeyMapTools\q1_sunlight.lit
Lighting Completed.

Writing C:\Users\djdac\source\repos\VibeyMapTools\q1_sunlight.lit
img::ConvertTextures: WARNING: Texture  duplicated
img::ConvertTextures: WARNING: Texture sbrick2b duplicated
img::ConvertTextures: WARNING: Texture sky3 duplicated
0 switchable light styles (32 max)
Writing C:\Users\djdac\source\repos\VibeyMapTools\q1_sunlight.bsp as Quake BSP bsp29
0.038s seconds elapsed
0 empty lightmaps


