PRT1
27
82
4 0 26 (2432 1088 960) (1696 1088 960) (1696 1488 960) (2432 1488 960) 
4 0 5 (1696 1088 1088) (1696 1088 1248) (1696 1096 1248) (1696 1096 1088) 
4 0 4 (1696 1200 960) (1696 1096 960) (1696 1096 1040) (1696 1200 1040) 
4 0 3 (1696 1248 960) (1696 1216 960) (1696 1216 1040) (1696 1248 1040) 
4 0 2 (1696 1488 960) (1696 1264 960) (1696 1264 1040) (1696 1488 1040) 
4 0 1 (1696 1096 1040) (1696 1096 1248) (1696 1488 1248) (1696 1488 1040) 
4 1 7 (1648 1096 1040) (1648 1096 1248) (1648 1488 1248) (1648 1488 1040) 
4 1 6 (1648 1096 1248) (1648 1096 1040) (1664 1096 1040) (1664 1096 1248) 
4 1 5 (1696 1096 1088) (1696 1096 1248) (1664 1096 1248) (1664 1096 1088) 
4 1 4 (1696 1096 1040) (1648 1096 1040) (1648 1200 1040) (1696 1200 1040) 
4 1 3 (1648 1216 1040) (1648 1248 1040) (1696 1248 1040) (1696 1216 1040) 
4 1 2 (1648 1264 1040) (1648 1488 1040) (1696 1488 1040) (1696 1264 1040) 
4 2 26 (1648 1264 960) (1648 1488 960) (1696 1488 960) (1696 1264 960) 
4 2 7 (1648 1488 960) (1648 1264 960) (1648 1264 1040) (1648 1488 1040) 
4 3 26 (1648 1216 960) (1648 1248 960) (1696 1248 960) (1696 1216 960) 
4 3 7 (1648 1248 960) (1648 1216 960) (1648 1216 1040) (1648 1248 1040) 
4 4 26 (1648 1096 960) (1648 1200 960) (1696 1200 960) (1696 1096 960) 
4 4 7 (1648 1200 960) (1648 1096 960) (1648 1096 1040) (1648 1200 1040) 
4 4 6 (1648 1096 1040) (1648 1096 960) (1664 1096 960) (1664 1096 1040) 
4 5 6 (1664 1096 1248) (1664 1096 1088) (1664 1088 1088) (1664 1088 1248) 
4 6 26 (1664 1088 960) (1648 1088 960) (1648 1096 960) (1664 1096 960) 
4 6 7 (1648 1096 960) (1648 1088 960) (1648 1088 1248) (1648 1096 1248) 
4 7 26 (1648 1088 960) (1504 1088 960) (1504 1488 960) (1648 1488 960) 
4 7 19 (1504 1088 1088) (1504 1088 1248) (1504 1096 1248) (1504 1096 1088) 
4 7 17 (1504 1248 960) (1504 1096 960) (1504 1096 1248) (1504 1248 1248) 
4 7 16 (1504 1248 1040) (1504 1248 1248) (1504 1264 1248) (1504 1264 1040) 
4 7 13 (1504 1280 960) (1504 1264 960) (1504 1264 1248) (1504 1280 1248) 
4 7 8 (1504 1488 960) (1504 1280 960) (1504 1280 1248) (1504 1488 1248) 
4 8 26 (1492 1488 960) (1504 1488 960) (1504 1280 960) (1492 1280 960) 
4 8 13 (1492 1280 960) (1504 1280 960) (1504 1280 1248) (1492 1280 1248) 
4 8 11 (1492 1296 960) (1492 1280 960) (1492 1280 1000) (1492 1296 1000) 
4 8 10 (1492 1280 1024) (1492 1280 1248) (1492 1296 1248) (1492 1296 1024) 
4 8 9 (1492 1488 960) (1492 1296 960) (1492 1296 1248) (1492 1488 1248) 
4 9 26 (1472 1488 960) (1492 1488 960) (1492 1296 960) (1472 1296 960) 
4 9 12 (1472 1488 960) (1472 1296 960) (1472 1296 1248) (1472 1488 1248) 
4 9 11 (1472 1296 1000) (1472 1296 960) (1492 1296 960) (1492 1296 1000) 
4 9 10 (1472 1296 1248) (1472 1296 1024) (1492 1296 1024) (1492 1296 1248) 
4 10 13 (1492 1280 1024) (1492 1280 1248) (1472 1280 1248) (1472 1280 1024) 
4 10 12 (1472 1280 1024) (1472 1280 1248) (1472 1296 1248) (1472 1296 1024) 
4 11 26 (1492 1296 960) (1492 1280 960) (1472 1280 960) (1472 1296 960) 
4 11 13 (1472 1280 960) (1492 1280 960) (1492 1280 1000) (1472 1280 1000) 
4 11 12 (1472 1296 960) (1472 1280 960) (1472 1280 1000) (1472 1296 1000) 
4 12 26 (1280 1280 960) (1280 1488 960) (1472 1488 960) (1472 1280 960) 
4 12 21 (1280 1488 960) (1280 1280 960) (1280 1280 1248) (1280 1488 1248) 
4 12 15 (1280 1280 1000) (1280 1280 960) (1300 1280 960) (1300 1280 1000) 
4 12 14 (1280 1280 1248) (1280 1280 1024) (1300 1280 1024) (1300 1280 1248) 
4 12 13 (1300 1280 960) (1472 1280 960) (1472 1280 1248) (1300 1280 1248) 
4 13 26 (1300 1280 960) (1504 1280 960) (1504 1264 960) (1300 1264 960) 
4 13 18 (1300 1264 960) (1456 1264 960) (1456 1264 1248) (1300 1264 1248) 
4 13 16 (1504 1264 1040) (1504 1264 1248) (1456 1264 1248) (1456 1264 1040) 
4 13 15 (1300 1280 1000) (1300 1280 960) (1300 1264 960) (1300 1264 1000) 
4 13 14 (1300 1280 1248) (1300 1280 1024) (1300 1264 1024) (1300 1264 1248) 
4 14 21 (1280 1264 1024) (1280 1264 1248) (1280 1280 1248) (1280 1280 1024) 
4 14 18 (1280 1264 1248) (1280 1264 1024) (1300 1264 1024) (1300 1264 1248) 
4 15 26 (1280 1264 960) (1280 1280 960) (1300 1280 960) (1300 1264 960) 
4 15 21 (1280 1280 960) (1280 1264 960) (1280 1264 1000) (1280 1280 1000) 
4 15 18 (1280 1264 1000) (1280 1264 960) (1300 1264 960) (1300 1264 1000) 
4 16 18 (1456 1264 1248) (1456 1264 1040) (1456 1248 1040) (1456 1248 1248) 
4 16 17 (1456 1248 1248) (1456 1248 1040) (1504 1248 1040) (1504 1248 1248) 
4 17 26 (1504 1248 960) (1504 1096 960) (1456 1096 960) (1456 1248 960) 
4 17 20 (1456 1096 960) (1472 1096 960) (1472 1096 1088) (1456 1096 1088) 
4 17 19 (1504 1096 1088) (1504 1096 1248) (1456 1096 1248) (1456 1096 1088) 
4 17 18 (1456 1248 960) (1456 1096 960) (1456 1096 1248) (1456 1248 1248) 
4 18 26 (1280 1096 960) (1280 1264 960) (1456 1264 960) (1456 1096 960) 
4 18 21 (1280 1264 960) (1280 1096 960) (1280 1096 1248) (1280 1264 1248) 
4 18 20 (1312 1096 960) (1456 1096 960) (1456 1096 1088) (1312 1096 1088) 
4 18 19 (1280 1096 1248) (1280 1096 1088) (1456 1096 1088) (1456 1096 1248) 
4 19 21 (1280 1088 1088) (1280 1088 1248) (1280 1096 1248) (1280 1096 1088) 
4 19 20 (1312 1096 1088) (1472 1096 1088) (1472 1088 1088) (1312 1088 1088) 
4 20 26 (1472 1088 960) (1312 1088 960) (1312 1096 960) (1472 1096 960) 
4 21 26 (1280 1088 960) (720 1088 960) (720 1488 960) (1280 1488 960) 
4 21 24 (720 1184 960) (720 1088 960) (720 1088 1248) (720 1184 1248) 
4 21 23 (720 1184 1056) (720 1184 1248) (720 1200 1248) (720 1200 1056) 
4 21 22 (720 1488 960) (720 1200 960) (720 1200 1248) (720 1488 1248) 
4 22 26 (656 1200 960) (656 1488 960) (720 1488 960) (720 1200 960) 
4 22 25 (656 1488 960) (656 1200 960) (656 1200 1248) (656 1488 1248) 
4 22 23 (656 1200 1248) (656 1200 1056) (720 1200 1056) (720 1200 1248) 
4 23 25 (656 1184 1056) (656 1184 1248) (656 1200 1248) (656 1200 1056) 
4 23 24 (656 1184 1248) (656 1184 1056) (720 1184 1056) (720 1184 1248) 
4 24 26 (720 1088 960) (656 1088 960) (656 1184 960) (720 1184 960) 
4 24 25 (656 1184 960) (656 1088 960) (656 1088 1248) (656 1184 1248) 
4 25 26 (656 1088 960) (480 1088 960) (480 1488 960) (656 1488 960) 
