----  / VibeyMapTools 2.1.0-2.0.0-alpha10-25-g50be6d63-dirty ----
LoadBSPFile: 'C:\Users\djdac\source\repos\VibeyMapTools\q2_light_group.bsp'
BSP is version Quake II BSP IBSP:38
img::LoadPCXPalette: Failed to load 'pics/colormap.pcx'.
INFO: using built-in palette.
img::AddTextureName: WARNING: can't find pixel data for e1u1/twall2_1
img::AddTextureName: WARNING: can't find meta data for e1u1/twall2_1
img::AddTextureName: WARNING: can't find pixel data for e1u1/sky1
img::AddTextureName: WARNING: can't find pixel data for e1u1/baselt_5
Loading extended texinfo flags from C:\Users\djdac\source\repos\VibeyMapTools\q2_light_group.texinfo.json...
Loading extended content flags from C:\Users\djdac\source\repos\VibeyMapTools\q2_light_group.content.json...
11 entities read, 5 are lights.

--- Options Summary ---
    "path" was set to ""C:/Users/djdac/source/repos/VibeyMapTools/tests/maps\q2_wal_metadata"" (from command line)
    "defaultpaths" was set to "0" (from command line)
    "range" was set to "1.000000" (from game target)
    "light" was set to "0.500000" (from map)
    "minlight_mottle" was set to "0.000000" (from map)
    "bounce" was set to "0" (from map)
    "bouncestyled" was set to "1" (from game target)
    "bouncescale" was set to "0.850000" (from game target)
    "bouncecolorscale" was set to "0.500000" (from game target)
    "surflightscale" was set to "0.650000" (from game target)
    "surflightskyscale" was set to "0.650000" (from game target)
    "sunlight" was set to "300.000000" (from map)
    "sunlight_mangle" was set to "-4.3545054e-08 0.9961947 -0.08715574" (from map)
    "surflight_radiosity" was set to "1" (from game target)

Embree_TraceInit: Embree version: 4.4.0
Embree_TraceInit: 
	3 sky faces
	142 solid faces
	42 filtered faces
	0 shadow-casting skip faces
SetupLights: 5 initial lights
SetupLights: 5 after surface lights
SetupLights: 5 after jittering
Final count: 5 lights, 1 suns in use.
3 surface light points in use.
Saving progress after direct lighting...
Lighting Completed.

Lighting Completed.

0 switchable light styles (32 max)
Writing C:\Users\djdac\source\repos\VibeyMapTools\q2_light_group.bsp as Quake II BSP IBSP:38
0.157s seconds elapsed
0 empty lightmaps


