----  / VibeyMapTools 2.1.0-2.0.0-alpha10-25-g50be6d63-dirty ----
LoadBSPFile: 'C:\Users\djdac\source\repos\VibeyMapTools\q2_light_black.bsp'
BSP is version Quake II BSP IBSP:38
img::LoadPCXPalette: Failed to load 'pics/colormap.pcx'.
INFO: using built-in palette.
img::AddTextureName: WARNING: can't find pixel data for e1u1/brick1_1
img::AddTextureName: WARNING: can't find meta data for e1u1/brick1_1
Loading extended texinfo flags from C:\Users\djdac\source\repos\VibeyMapTools\q2_light_black.texinfo.json...
Loading extended content flags from C:\Users\djdac\source\repos\VibeyMapTools\q2_light_black.content.json...
4 entities read, 1 are lights.

--- Options Summary ---
    "path" was set to ""C:/Users/djdac/source/repos/VibeyMapTools/tests/maps\q2_wal_metadata"" (from command line)
    "defaultpaths" was set to "0" (from command line)
    "range" was set to "1.000000" (from game target)
    "bounce" was set to "0" (from map)
    "bouncestyled" was set to "1" (from game target)
    "bouncescale" was set to "0.850000" (from game target)
    "bouncecolorscale" was set to "0.500000" (from game target)
    "surflightscale" was set to "0.650000" (from game target)
    "surflightskyscale" was set to "0.650000" (from game target)
    "surflight_radiosity" was set to "1" (from game target)

Embree_TraceInit: Embree version: 4.4.0
Embree_TraceInit: 
	0 sky faces
	32 solid faces
	0 filtered faces
	0 shadow-casting skip faces
SetupLights: 1 initial lights
SetupLights: 1 after surface lights
SetupLights: 1 after jittering
Final count: 1 lights, 0 suns in use.
0 surface light points in use.
Saving progress after direct lighting...
Lighting Completed.

Lighting Completed.

0 switchable light styles (32 max)
Writing C:\Users\djdac\source\repos\VibeyMapTools\q2_light_black.bsp as Quake II BSP IBSP:38
0.087s seconds elapsed
0 empty lightmaps


